<?xml version="1.0" encoding="UTF-8"?>
<coverage generated="1558373820598" clover="3.2.0">
  <project timestamp="1558373820598" name="All files">
    <metrics statements="7" coveredstatements="6" conditionals="4" coveredconditionals="4" methods="2" coveredmethods="1" elements="13" coveredelements="11" complexity="0" loc="7" ncloc="7" packages="1" files="1" classes="1"/>
    <file name="hello.js" path="/Users/teacher/Documents/devStation/401/bend-javascript-401d2/curriculum/class-01/demo/hello-world-tested/lib/hello.js">
      <metrics statements="7" coveredstatements="6" conditionals="4" coveredconditionals="4" methods="2" coveredmethods="1"/>
      <line num="3" count="1" type="stmt"/>
      <line num="9" count="1" type="stmt"/>
      <line num="10" count="0" type="stmt"/>
      <line num="13" count="1" type="stmt"/>
      <line num="14" count="6" type="cond" truecount="2" falsecount="0"/>
      <line num="15" count="4" type="cond" truecount="2" falsecount="0"/>
      <line num="17" count="1" type="stmt"/>
    </file>
  </project>
</coverage>
