{"/Users/teacher/Documents/devStation/401/bend-javascript-401d2/curriculum/class-01/demo/hello-world-tested/lib/hello.js": {"path":"/Users/teacher/Documents/devStation/401/bend-javascript-401d2/curriculum/class-01/demo/hello-world-tested/lib/hello.js","statementMap":{"0":{"start":{"line":3,"column":0},"end":{"line":3,"column":30}},"1":{"start":{"line":9,"column":0},"end":{"line":11,"column":2}},"2":{"start":{"line":10,"column":2},"end":{"line":10,"column":19}},"3":{"start":{"line":13,"column":0},"end":{"line":18,"column":2}},"4":{"start":{"line":14,"column":2},"end":{"line":14,"column":36}},"5":{"start":{"line":14,"column":24},"end":{"line":14,"column":36}},"6":{"start":{"line":15,"column":2},"end":{"line":15,"column":46}},"7":{"start":{"line":15,"column":34},"end":{"line":15,"column":46}},"8":{"start":{"line":17,"column":2},"end":{"line":17,"column":30}}},"fnMap":{"0":{"name":"(anonymous_0)","decl":{"start":{"line":9,"column":21},"end":{"line":9,"column":22}},"loc":{"start":{"line":9,"column":27},"end":{"line":11,"column":1}},"line":9},"1":{"name":"(anonymous_1)","decl":{"start":{"line":13,"column":19},"end":{"line":13,"column":20}},"loc":{"start":{"line":13,"column":32},"end":{"line":18,"column":1}},"line":13}},"branchMap":{"0":{"loc":{"start":{"line":14,"column":2},"end":{"line":14,"column":36}},"type":"if","locations":[{"start":{"line":14,"column":2},"end":{"line":14,"column":36}},{"start":{"line":14,"column":2},"end":{"line":14,"column":36}}],"line":14},"1":{"loc":{"start":{"line":15,"column":2},"end":{"line":15,"column":46}},"type":"if","locations":[{"start":{"line":15,"column":2},"end":{"line":15,"column":46}},{"start":{"line":15,"column":2},"end":{"line":15,"column":46}}],"line":15}},"s":{"0":1,"1":1,"2":0,"3":1,"4":6,"5":2,"6":4,"7":3,"8":1},"f":{"0":0,"1":6},"b":{"0":[2,4],"1":[3,1]},"_coverageSchema":"43e27e138ebf9cfc5966b082cf9a028302ed4184","hash":"ea7be63b45eae96319de4f6388ac798af7a1ea3c"}
}
